-- The C compiler identification is GNU 9.4.0
-- The CXX compiler identification is GNU 9.4.0
-- Check for working C compiler: /usr/bin/cc
-- Check for working C compiler: /usr/bin/cc -- works
-- Detecting C compiler ABI info
-- Detecting C compiler ABI info - done
-- Detecting C compile features
-- Detecting C compile features - done
-- Check for working CXX compiler: /usr/bin/c++
-- Check for working CXX compiler: /usr/bin/c++ -- works
-- Detecting CXX compiler ABI info
-- Detecting CXX compiler ABI info - done
-- Detecting CXX compile features
-- Detecting CXX compile features - done
-- Found ament_cmake: 1.1.6 (/opt/ros/galactic/share/ament_cmake/cmake)
-- Found PythonInterp: /usr/bin/python3 (found suitable version "3.8.10", minimum required is "3") 
-- Using PYTHON_EXECUTABLE: /usr/bin/python3
-- Found rclpy: 1.9.3 (/opt/ros/galactic/share/rclpy/cmake)
-- Found rosidl_default_generators: 1.1.1 (/opt/ros/galactic/share/rosidl_default_generators/cmake)
-- Using all available rosidl_typesupport_c: rosidl_typesupport_fastrtps_c;rosidl_typesupport_introspection_c
-- Found rosidl_adapter: 2.2.3 (/opt/ros/galactic/share/rosidl_adapter/cmake)
-- Found OpenSSL: /usr/lib/x86_64-linux-gnu/libcrypto.so (found version "1.1.1f")  
-- Found FastRTPS: /opt/ros/galactic/include  
-- Using all available rosidl_typesupport_cpp: rosidl_typesupport_fastrtps_cpp;rosidl_typesupport_introspection_cpp
-- Found geometry_msgs: 2.2.4 (/opt/ros/galactic/share/geometry_msgs/cmake)
-- Found action_msgs: 1.0.3 (/opt/ros/galactic/share/action_msgs/cmake)
-- Found nav_msgs: 2.2.4 (/opt/ros/galactic/share/nav_msgs/cmake)
-- Found PythonInterp: /usr/bin/python3 (found version "3.8.10") 
-- Found ament_cmake_ros: 0.9.2 (/opt/ros/galactic/share/ament_cmake_ros/cmake)
-- Using all available rosidl_typesupport_c: rosidl_typesupport_fastrtps_c;rosidl_typesupport_introspection_c
-- Using all available rosidl_typesupport_cpp: rosidl_typesupport_fastrtps_cpp;rosidl_typesupport_introspection_cpp
-- Found PythonInterp: /usr/bin/python3 (found suitable version "3.8.10", minimum required is "3.5") 
-- Found python_cmake_module: 0.8.1 (/opt/ros/galactic/share/python_cmake_module/cmake)
-- Found PythonLibs: /usr/lib/x86_64-linux-gnu/libpython3.8.so (found suitable version "3.8.10", minimum required is "3.5") 
-- Using PYTHON_EXECUTABLE: /usr/bin/python3
-- Using PYTHON_INCLUDE_DIRS: /usr/include/python3.8
-- Using PYTHON_LIBRARIES: /usr/lib/x86_64-linux-gnu/libpython3.8.so
-- Found PythonExtra: .so  
-- Found ament_lint_auto: 0.10.7 (/opt/ros/galactic/share/ament_lint_auto/cmake)
-- Added test 'copyright' to check source files copyright and LICENSE
-- Added test 'cppcheck' to perform static code analysis on C / C++ code
-- Configured cppcheck include dirs: $<BUILD_INTERFACE:/home/sid/autonomy_ws/src/ME326-Group-8-new/pose_traj_controller/build/pose_traj_controller/rosidl_generator_c>;/home/sid/autonomy_ws/src/ME326-Group-8-new/pose_traj_controller/build/pose_traj_controller/rosidl_generator_c;/home/sid/autonomy_ws/src/ME326-Group-8-new/pose_traj_controller/build/pose_traj_controller/rosidl_generator_cpp;/home/sid/autonomy_ws/src/ME326-Group-8-new/pose_traj_controller/build/pose_traj_controller/rosidl_typesupport_fastrtps_c;/home/sid/autonomy_ws/src/ME326-Group-8-new/pose_traj_controller/build/pose_traj_controller/rosidl_typesupport_fastrtps_cpp;$<BUILD_INTERFACE:/home/sid/autonomy_ws/src/ME326-Group-8-new/pose_traj_controller/build/pose_traj_controller/rosidl_typesupport_introspection_c>;$<BUILD_INTERFACE:/home/sid/autonomy_ws/src/ME326-Group-8-new/pose_traj_controller/build/pose_traj_controller/rosidl_typesupport_c>;$<BUILD_INTERFACE:/home/sid/autonomy_ws/src/ME326-Group-8-new/pose_traj_controller/build/pose_traj_controller/rosidl_generator_cpp>;/home/sid/autonomy_ws/src/ME326-Group-8-new/pose_traj_controller/build/pose_traj_controller/rosidl_generator_py
-- Configured cppcheck exclude dirs and/or files: 
-- Added test 'cpplint' to check C / C++ code against the Google style
-- Configured cpplint exclude dirs and/or files: 
-- Added test 'flake8' to check Python code syntax and style conventions
-- Added test 'lint_cmake' to check CMake code style
-- Added test 'pep257' to check Python code against some of the style conventions in PEP 257
-- Added test 'uncrustify' to check C / C++ code style
-- Configured uncrustify additional arguments: 
-- Added test 'xmllint' to check XML markup files
-- Configuring done
-- Generating done
-- Build files have been written to: /home/sid/autonomy_ws/src/ME326-Group-8-new/pose_traj_controller/build/pose_traj_controller
[35m[1mScanning dependencies of target ament_cmake_python_copy_pose_traj_controller[0m
[  0%] Built target ament_cmake_python_copy_pose_traj_controller
[  3%] [34m[1mGenerating C code for ROS interfaces[0m
[35m[1mScanning dependencies of target pose_traj_controller__rosidl_generator_c[0m
[  6%] [32mBuilding C object CMakeFiles/pose_traj_controller__rosidl_generator_c.dir/rosidl_generator_c/pose_traj_controller/action/detail/move_to_pose__functions.c.o[0m
[  9%] [32m[1mLinking C shared library libpose_traj_controller__rosidl_generator_c.so[0m
[  9%] Built target pose_traj_controller__rosidl_generator_c
[35m[1mScanning dependencies of target ament_cmake_python_build_pose_traj_controller_egg[0m
running egg_info
creating pose_traj_controller.egg-info
writing pose_traj_controller.egg-info/PKG-INFO
writing dependency_links to pose_traj_controller.egg-info/dependency_links.txt
writing top-level names to pose_traj_controller.egg-info/top_level.txt
writing manifest file 'pose_traj_controller.egg-info/SOURCES.txt'
reading manifest file 'pose_traj_controller.egg-info/SOURCES.txt'
writing manifest file 'pose_traj_controller.egg-info/SOURCES.txt'
[  9%] Built target ament_cmake_python_build_pose_traj_controller_egg
[ 12%] [34m[1mGenerating C type support dispatch for ROS interfaces[0m
[35m[1mScanning dependencies of target pose_traj_controller__rosidl_typesupport_c[0m
[ 16%] [32mBuilding CXX object CMakeFiles/pose_traj_controller__rosidl_typesupport_c.dir/rosidl_typesupport_c/pose_traj_controller/action/move_to_pose__type_support.cpp.o[0m
[ 19%] [32m[1mLinking CXX shared library libpose_traj_controller__rosidl_typesupport_c.so[0m
[ 19%] Built target pose_traj_controller__rosidl_typesupport_c
[ 22%] [34m[1mGenerating C introspection for ROS interfaces[0m
[35m[1mScanning dependencies of target pose_traj_controller__rosidl_typesupport_introspection_c[0m
[ 25%] [32mBuilding C object CMakeFiles/pose_traj_controller__rosidl_typesupport_introspection_c.dir/rosidl_typesupport_introspection_c/pose_traj_controller/action/detail/move_to_pose__type_support.c.o[0m
[ 29%] [32m[1mLinking C shared library libpose_traj_controller__rosidl_typesupport_introspection_c.so[0m
[ 29%] Built target pose_traj_controller__rosidl_typesupport_introspection_c
[35m[1mScanning dependencies of target pose_traj_controller__cpp[0m
[ 32%] [34m[1mGenerating C++ code for ROS interfaces[0m
[ 32%] Built target pose_traj_controller__cpp
[ 35%] [34m[1mGenerating C++ introspection for ROS interfaces[0m
[35m[1mScanning dependencies of target pose_traj_controller__rosidl_typesupport_introspection_cpp[0m
[ 38%] [32mBuilding CXX object CMakeFiles/pose_traj_controller__rosidl_typesupport_introspection_cpp.dir/rosidl_typesupport_introspection_cpp/pose_traj_controller/action/detail/move_to_pose__type_support.cpp.o[0m
[ 41%] [32m[1mLinking CXX shared library libpose_traj_controller__rosidl_typesupport_introspection_cpp.so[0m
[ 41%] Built target pose_traj_controller__rosidl_typesupport_introspection_cpp
[ 45%] [34m[1mGenerating C++ type support for eProsima Fast-RTPS[0m
[35m[1mScanning dependencies of target pose_traj_controller__rosidl_typesupport_fastrtps_cpp[0m
[ 48%] [32mBuilding CXX object CMakeFiles/pose_traj_controller__rosidl_typesupport_fastrtps_cpp.dir/rosidl_typesupport_fastrtps_cpp/pose_traj_controller/action/detail/dds_fastrtps/move_to_pose__type_support.cpp.o[0m
[ 51%] [32m[1mLinking CXX shared library libpose_traj_controller__rosidl_typesupport_fastrtps_cpp.so[0m
[ 51%] Built target pose_traj_controller__rosidl_typesupport_fastrtps_cpp
[ 54%] [34m[1mGenerating C++ type support dispatch for ROS interfaces[0m
[35m[1mScanning dependencies of target pose_traj_controller__rosidl_typesupport_cpp[0m
[ 58%] [32mBuilding CXX object CMakeFiles/pose_traj_controller__rosidl_typesupport_cpp.dir/rosidl_typesupport_cpp/pose_traj_controller/action/move_to_pose__type_support.cpp.o[0m
[ 61%] [32m[1mLinking CXX shared library libpose_traj_controller__rosidl_typesupport_cpp.so[0m
[ 61%] Built target pose_traj_controller__rosidl_typesupport_cpp
[ 64%] [34m[1mGenerating C type support for eProsima Fast-RTPS[0m
[35m[1mScanning dependencies of target pose_traj_controller__rosidl_typesupport_fastrtps_c[0m
[ 67%] [32mBuilding CXX object CMakeFiles/pose_traj_controller__rosidl_typesupport_fastrtps_c.dir/rosidl_typesupport_fastrtps_c/pose_traj_controller/action/detail/move_to_pose__type_support_c.cpp.o[0m
[ 70%] [32m[1mLinking CXX shared library libpose_traj_controller__rosidl_typesupport_fastrtps_c.so[0m
[ 70%] Built target pose_traj_controller__rosidl_typesupport_fastrtps_c
[35m[1mScanning dependencies of target pose_traj_controller[0m
[ 70%] Built target pose_traj_controller
[35m[1mScanning dependencies of target pose_traj_controller__py[0m
[ 74%] [34m[1mGenerating Python code for ROS interfaces[0m
[ 74%] Built target pose_traj_controller__py
[35m[1mScanning dependencies of target pose_traj_controller__python[0m
[ 77%] [32mBuilding C object CMakeFiles/pose_traj_controller__python.dir/rosidl_generator_py/pose_traj_controller/action/_move_to_pose_s.c.o[0m
[ 80%] [32m[1mLinking C shared library rosidl_generator_py/pose_traj_controller/libpose_traj_controller__python.so[0m
[ 80%] Built target pose_traj_controller__python
[35m[1mScanning dependencies of target pose_traj_controller__rosidl_typesupport_c__pyext[0m
[ 83%] [32mBuilding C object CMakeFiles/pose_traj_controller__rosidl_typesupport_c__pyext.dir/rosidl_generator_py/pose_traj_controller/_pose_traj_controller_s.ep.rosidl_typesupport_c.c.o[0m
[ 87%] [32m[1mLinking C shared library rosidl_generator_py/pose_traj_controller/pose_traj_controller_s__rosidl_typesupport_c.cpython-38-x86_64-linux-gnu.so[0m
[ 87%] Built target pose_traj_controller__rosidl_typesupport_c__pyext
[35m[1mScanning dependencies of target pose_traj_controller__rosidl_typesupport_fastrtps_c__pyext[0m
[ 90%] [32mBuilding C object CMakeFiles/pose_traj_controller__rosidl_typesupport_fastrtps_c__pyext.dir/rosidl_generator_py/pose_traj_controller/_pose_traj_controller_s.ep.rosidl_typesupport_fastrtps_c.c.o[0m
[ 93%] [32m[1mLinking CXX shared library rosidl_generator_py/pose_traj_controller/pose_traj_controller_s__rosidl_typesupport_fastrtps_c.cpython-38-x86_64-linux-gnu.so[0m
[ 93%] Built target pose_traj_controller__rosidl_typesupport_fastrtps_c__pyext
[35m[1mScanning dependencies of target pose_traj_controller__rosidl_typesupport_introspection_c__pyext[0m
[ 96%] [32mBuilding C object CMakeFiles/pose_traj_controller__rosidl_typesupport_introspection_c__pyext.dir/rosidl_generator_py/pose_traj_controller/_pose_traj_controller_s.ep.rosidl_typesupport_introspection_c.c.o[0m
[100%] [32m[1mLinking C shared library rosidl_generator_py/pose_traj_controller/pose_traj_controller_s__rosidl_typesupport_introspection_c.cpython-38-x86_64-linux-gnu.so[0m
[100%] Built target pose_traj_controller__rosidl_typesupport_introspection_c__pyext
-- Install configuration: ""
-- Installing: /home/sid/autonomy_ws/src/ME326-Group-8-new/pose_traj_controller/install/pose_traj_controller/share/ament_index/resource_index/rosidl_interfaces/pose_traj_controller
-- Installing: /home/sid/autonomy_ws/src/ME326-Group-8-new/pose_traj_controller/install/pose_traj_controller/include/pose_traj_controller
-- Installing: /home/sid/autonomy_ws/src/ME326-Group-8-new/pose_traj_controller/install/pose_traj_controller/include/pose_traj_controller/action
-- Installing: /home/sid/autonomy_ws/src/ME326-Group-8-new/pose_traj_controller/install/pose_traj_controller/include/pose_traj_controller/action/detail
-- Installing: /home/sid/autonomy_ws/src/ME326-Group-8-new/pose_traj_controller/install/pose_traj_controller/include/pose_traj_controller/action/detail/move_to_pose__functions.c
-- Installing: /home/sid/autonomy_ws/src/ME326-Group-8-new/pose_traj_controller/install/pose_traj_controller/include/pose_traj_controller/action/detail/move_to_pose__type_support.h
-- Installing: /home/sid/autonomy_ws/src/ME326-Group-8-new/pose_traj_controller/install/pose_traj_controller/include/pose_traj_controller/action/detail/move_to_pose__functions.h
-- Installing: /home/sid/autonomy_ws/src/ME326-Group-8-new/pose_traj_controller/install/pose_traj_controller/include/pose_traj_controller/action/detail/move_to_pose__struct.h
-- Installing: /home/sid/autonomy_ws/src/ME326-Group-8-new/pose_traj_controller/install/pose_traj_controller/include/pose_traj_controller/action/move_to_pose.h
-- Installing: /home/sid/autonomy_ws/src/ME326-Group-8-new/pose_traj_controller/install/pose_traj_controller/include/pose_traj_controller/msg
-- Installing: /home/sid/autonomy_ws/src/ME326-Group-8-new/pose_traj_controller/install/pose_traj_controller/include/pose_traj_controller/msg/rosidl_generator_c__visibility_control.h
-- Installing: /home/sid/autonomy_ws/src/ME326-Group-8-new/pose_traj_controller/install/pose_traj_controller/share/pose_traj_controller/environment/library_path.sh
-- Installing: /home/sid/autonomy_ws/src/ME326-Group-8-new/pose_traj_controller/install/pose_traj_controller/share/pose_traj_controller/environment/library_path.dsv
-- Installing: /home/sid/autonomy_ws/src/ME326-Group-8-new/pose_traj_controller/install/pose_traj_controller/lib/libpose_traj_controller__rosidl_generator_c.so
-- Set runtime path of "/home/sid/autonomy_ws/src/ME326-Group-8-new/pose_traj_controller/install/pose_traj_controller/lib/libpose_traj_controller__rosidl_generator_c.so" to ""
-- Up-to-date: /home/sid/autonomy_ws/src/ME326-Group-8-new/pose_traj_controller/install/pose_traj_controller/include/pose_traj_controller
-- Up-to-date: /home/sid/autonomy_ws/src/ME326-Group-8-new/pose_traj_controller/install/pose_traj_controller/include/pose_traj_controller/action
-- Up-to-date: /home/sid/autonomy_ws/src/ME326-Group-8-new/pose_traj_controller/install/pose_traj_controller/include/pose_traj_controller/action/detail
-- Installing: /home/sid/autonomy_ws/src/ME326-Group-8-new/pose_traj_controller/install/pose_traj_controller/include/pose_traj_controller/action/detail/move_to_pose__rosidl_typesupport_fastrtps_c.h
-- Up-to-date: /home/sid/autonomy_ws/src/ME326-Group-8-new/pose_traj_controller/install/pose_traj_controller/include/pose_traj_controller/msg
-- Installing: /home/sid/autonomy_ws/src/ME326-Group-8-new/pose_traj_controller/install/pose_traj_controller/include/pose_traj_controller/msg/rosidl_typesupport_fastrtps_c__visibility_control.h
-- Installing: /home/sid/autonomy_ws/src/ME326-Group-8-new/pose_traj_controller/install/pose_traj_controller/lib/libpose_traj_controller__rosidl_typesupport_fastrtps_c.so
-- Set runtime path of "/home/sid/autonomy_ws/src/ME326-Group-8-new/pose_traj_controller/install/pose_traj_controller/lib/libpose_traj_controller__rosidl_typesupport_fastrtps_c.so" to ""
-- Up-to-date: /home/sid/autonomy_ws/src/ME326-Group-8-new/pose_traj_controller/install/pose_traj_controller/include/pose_traj_controller
-- Up-to-date: /home/sid/autonomy_ws/src/ME326-Group-8-new/pose_traj_controller/install/pose_traj_controller/include/pose_traj_controller/action
-- Up-to-date: /home/sid/autonomy_ws/src/ME326-Group-8-new/pose_traj_controller/install/pose_traj_controller/include/pose_traj_controller/action/detail
-- Installing: /home/sid/autonomy_ws/src/ME326-Group-8-new/pose_traj_controller/install/pose_traj_controller/include/pose_traj_controller/action/detail/move_to_pose__rosidl_typesupport_fastrtps_cpp.hpp
-- Installing: /home/sid/autonomy_ws/src/ME326-Group-8-new/pose_traj_controller/install/pose_traj_controller/include/pose_traj_controller/action/detail/dds_fastrtps
-- Up-to-date: /home/sid/autonomy_ws/src/ME326-Group-8-new/pose_traj_controller/install/pose_traj_controller/include/pose_traj_controller/msg
-- Installing: /home/sid/autonomy_ws/src/ME326-Group-8-new/pose_traj_controller/install/pose_traj_controller/include/pose_traj_controller/msg/rosidl_typesupport_fastrtps_cpp__visibility_control.h
-- Installing: /home/sid/autonomy_ws/src/ME326-Group-8-new/pose_traj_controller/install/pose_traj_controller/lib/libpose_traj_controller__rosidl_typesupport_fastrtps_cpp.so
-- Set runtime path of "/home/sid/autonomy_ws/src/ME326-Group-8-new/pose_traj_controller/install/pose_traj_controller/lib/libpose_traj_controller__rosidl_typesupport_fastrtps_cpp.so" to ""
-- Up-to-date: /home/sid/autonomy_ws/src/ME326-Group-8-new/pose_traj_controller/install/pose_traj_controller/include/pose_traj_controller
-- Up-to-date: /home/sid/autonomy_ws/src/ME326-Group-8-new/pose_traj_controller/install/pose_traj_controller/include/pose_traj_controller/action
-- Up-to-date: /home/sid/autonomy_ws/src/ME326-Group-8-new/pose_traj_controller/install/pose_traj_controller/include/pose_traj_controller/action/detail
-- Installing: /home/sid/autonomy_ws/src/ME326-Group-8-new/pose_traj_controller/install/pose_traj_controller/include/pose_traj_controller/action/detail/move_to_pose__rosidl_typesupport_introspection_c.h
-- Installing: /home/sid/autonomy_ws/src/ME326-Group-8-new/pose_traj_controller/install/pose_traj_controller/include/pose_traj_controller/action/detail/move_to_pose__type_support.c
-- Up-to-date: /home/sid/autonomy_ws/src/ME326-Group-8-new/pose_traj_controller/install/pose_traj_controller/include/pose_traj_controller/msg
-- Installing: /home/sid/autonomy_ws/src/ME326-Group-8-new/pose_traj_controller/install/pose_traj_controller/include/pose_traj_controller/msg/rosidl_typesupport_introspection_c__visibility_control.h
-- Installing: /home/sid/autonomy_ws/src/ME326-Group-8-new/pose_traj_controller/install/pose_traj_controller/lib/libpose_traj_controller__rosidl_typesupport_introspection_c.so
-- Set runtime path of "/home/sid/autonomy_ws/src/ME326-Group-8-new/pose_traj_controller/install/pose_traj_controller/lib/libpose_traj_controller__rosidl_typesupport_introspection_c.so" to ""
-- Installing: /home/sid/autonomy_ws/src/ME326-Group-8-new/pose_traj_controller/install/pose_traj_controller/lib/libpose_traj_controller__rosidl_typesupport_c.so
-- Set runtime path of "/home/sid/autonomy_ws/src/ME326-Group-8-new/pose_traj_controller/install/pose_traj_controller/lib/libpose_traj_controller__rosidl_typesupport_c.so" to ""
-- Up-to-date: /home/sid/autonomy_ws/src/ME326-Group-8-new/pose_traj_controller/install/pose_traj_controller/include/pose_traj_controller
-- Up-to-date: /home/sid/autonomy_ws/src/ME326-Group-8-new/pose_traj_controller/install/pose_traj_controller/include/pose_traj_controller/action
-- Installing: /home/sid/autonomy_ws/src/ME326-Group-8-new/pose_traj_controller/install/pose_traj_controller/include/pose_traj_controller/action/move_to_pose.hpp
-- Up-to-date: /home/sid/autonomy_ws/src/ME326-Group-8-new/pose_traj_controller/install/pose_traj_controller/include/pose_traj_controller/action/detail
-- Installing: /home/sid/autonomy_ws/src/ME326-Group-8-new/pose_traj_controller/install/pose_traj_controller/include/pose_traj_controller/action/detail/move_to_pose__struct.hpp
-- Installing: /home/sid/autonomy_ws/src/ME326-Group-8-new/pose_traj_controller/install/pose_traj_controller/include/pose_traj_controller/action/detail/move_to_pose__builder.hpp
-- Installing: /home/sid/autonomy_ws/src/ME326-Group-8-new/pose_traj_controller/install/pose_traj_controller/include/pose_traj_controller/action/detail/move_to_pose__traits.hpp
-- Up-to-date: /home/sid/autonomy_ws/src/ME326-Group-8-new/pose_traj_controller/install/pose_traj_controller/include/pose_traj_controller
-- Up-to-date: /home/sid/autonomy_ws/src/ME326-Group-8-new/pose_traj_controller/install/pose_traj_controller/include/pose_traj_controller/action
-- Up-to-date: /home/sid/autonomy_ws/src/ME326-Group-8-new/pose_traj_controller/install/pose_traj_controller/include/pose_traj_controller/action/detail
-- Installing: /home/sid/autonomy_ws/src/ME326-Group-8-new/pose_traj_controller/install/pose_traj_controller/include/pose_traj_controller/action/detail/move_to_pose__rosidl_typesupport_introspection_cpp.hpp
-- Installing: /home/sid/autonomy_ws/src/ME326-Group-8-new/pose_traj_controller/install/pose_traj_controller/include/pose_traj_controller/action/detail/move_to_pose__type_support.cpp
-- Installing: /home/sid/autonomy_ws/src/ME326-Group-8-new/pose_traj_controller/install/pose_traj_controller/lib/libpose_traj_controller__rosidl_typesupport_introspection_cpp.so
-- Set runtime path of "/home/sid/autonomy_ws/src/ME326-Group-8-new/pose_traj_controller/install/pose_traj_controller/lib/libpose_traj_controller__rosidl_typesupport_introspection_cpp.so" to ""
-- Installing: /home/sid/autonomy_ws/src/ME326-Group-8-new/pose_traj_controller/install/pose_traj_controller/lib/libpose_traj_controller__rosidl_typesupport_cpp.so
-- Set runtime path of "/home/sid/autonomy_ws/src/ME326-Group-8-new/pose_traj_controller/install/pose_traj_controller/lib/libpose_traj_controller__rosidl_typesupport_cpp.so" to ""
-- Installing: /home/sid/autonomy_ws/src/ME326-Group-8-new/pose_traj_controller/install/pose_traj_controller/share/pose_traj_controller/environment/pythonpath.sh
-- Installing: /home/sid/autonomy_ws/src/ME326-Group-8-new/pose_traj_controller/install/pose_traj_controller/share/pose_traj_controller/environment/pythonpath.dsv
-- Installing: /home/sid/autonomy_ws/src/ME326-Group-8-new/pose_traj_controller/install/pose_traj_controller/lib/python3.8/site-packages/pose_traj_controller/__init__.py
Compiling '/home/sid/autonomy_ws/src/ME326-Group-8-new/pose_traj_controller/install/pose_traj_controller/lib/python3.8/site-packages/pose_traj_controller/__init__.py'...
-- Installing: /home/sid/autonomy_ws/src/ME326-Group-8-new/pose_traj_controller/install/pose_traj_controller/lib/python3.8/site-packages/pose_traj_controller/action
-- Installing: /home/sid/autonomy_ws/src/ME326-Group-8-new/pose_traj_controller/install/pose_traj_controller/lib/python3.8/site-packages/pose_traj_controller/action/__init__.py
-- Installing: /home/sid/autonomy_ws/src/ME326-Group-8-new/pose_traj_controller/install/pose_traj_controller/lib/python3.8/site-packages/pose_traj_controller/action/_move_to_pose_s.c
-- Installing: /home/sid/autonomy_ws/src/ME326-Group-8-new/pose_traj_controller/install/pose_traj_controller/lib/python3.8/site-packages/pose_traj_controller/action/_move_to_pose.py
-- Installing: /home/sid/autonomy_ws/src/ME326-Group-8-new/pose_traj_controller/install/pose_traj_controller/lib/python3.8/site-packages/pose_traj_controller/pose_traj_controller_s__rosidl_typesupport_fastrtps_c.cpython-38-x86_64-linux-gnu.so
-- Set runtime path of "/home/sid/autonomy_ws/src/ME326-Group-8-new/pose_traj_controller/install/pose_traj_controller/lib/python3.8/site-packages/pose_traj_controller/pose_traj_controller_s__rosidl_typesupport_fastrtps_c.cpython-38-x86_64-linux-gnu.so" to ""
-- Installing: /home/sid/autonomy_ws/src/ME326-Group-8-new/pose_traj_controller/install/pose_traj_controller/lib/python3.8/site-packages/pose_traj_controller/pose_traj_controller_s__rosidl_typesupport_introspection_c.cpython-38-x86_64-linux-gnu.so
-- Set runtime path of "/home/sid/autonomy_ws/src/ME326-Group-8-new/pose_traj_controller/install/pose_traj_controller/lib/python3.8/site-packages/pose_traj_controller/pose_traj_controller_s__rosidl_typesupport_introspection_c.cpython-38-x86_64-linux-gnu.so" to ""
-- Installing: /home/sid/autonomy_ws/src/ME326-Group-8-new/pose_traj_controller/install/pose_traj_controller/lib/python3.8/site-packages/pose_traj_controller/pose_traj_controller_s__rosidl_typesupport_c.cpython-38-x86_64-linux-gnu.so
-- Set runtime path of "/home/sid/autonomy_ws/src/ME326-Group-8-new/pose_traj_controller/install/pose_traj_controller/lib/python3.8/site-packages/pose_traj_controller/pose_traj_controller_s__rosidl_typesupport_c.cpython-38-x86_64-linux-gnu.so" to ""
-- Installing: /home/sid/autonomy_ws/src/ME326-Group-8-new/pose_traj_controller/install/pose_traj_controller/lib/libpose_traj_controller__python.so
-- Set runtime path of "/home/sid/autonomy_ws/src/ME326-Group-8-new/pose_traj_controller/install/pose_traj_controller/lib/libpose_traj_controller__python.so" to ""
-- Installing: /home/sid/autonomy_ws/src/ME326-Group-8-new/pose_traj_controller/install/pose_traj_controller/share/pose_traj_controller/action/MoveToPose.idl
-- Installing: /home/sid/autonomy_ws/src/ME326-Group-8-new/pose_traj_controller/install/pose_traj_controller/share/pose_traj_controller/action/MoveToPose.action
-- Installing: /home/sid/autonomy_ws/src/ME326-Group-8-new/pose_traj_controller/install/pose_traj_controller/lib/python3.8/site-packages//pose_traj_controller.egg-info
-- Installing: /home/sid/autonomy_ws/src/ME326-Group-8-new/pose_traj_controller/install/pose_traj_controller/lib/python3.8/site-packages//pose_traj_controller.egg-info/SOURCES.txt
-- Installing: /home/sid/autonomy_ws/src/ME326-Group-8-new/pose_traj_controller/install/pose_traj_controller/lib/python3.8/site-packages//pose_traj_controller.egg-info/dependency_links.txt
-- Installing: /home/sid/autonomy_ws/src/ME326-Group-8-new/pose_traj_controller/install/pose_traj_controller/lib/python3.8/site-packages//pose_traj_controller.egg-info/top_level.txt
-- Installing: /home/sid/autonomy_ws/src/ME326-Group-8-new/pose_traj_controller/install/pose_traj_controller/lib/python3.8/site-packages//pose_traj_controller.egg-info/PKG-INFO
-- Up-to-date: /home/sid/autonomy_ws/src/ME326-Group-8-new/pose_traj_controller/install/pose_traj_controller/lib/python3.8/site-packages/pose_traj_controller
-- Installing: /home/sid/autonomy_ws/src/ME326-Group-8-new/pose_traj_controller/install/pose_traj_controller/lib/python3.8/site-packages/pose_traj_controller/__init__.py
-- Installing: /home/sid/autonomy_ws/src/ME326-Group-8-new/pose_traj_controller/install/pose_traj_controller/lib/python3.8/site-packages/pose_traj_controller/pose_traj_controller
Listing '/home/sid/autonomy_ws/src/ME326-Group-8-new/pose_traj_controller/install/pose_traj_controller/lib/python3.8/site-packages/pose_traj_controller'...
Compiling '/home/sid/autonomy_ws/src/ME326-Group-8-new/pose_traj_controller/install/pose_traj_controller/lib/python3.8/site-packages/pose_traj_controller/__init__.py'...
Listing '/home/sid/autonomy_ws/src/ME326-Group-8-new/pose_traj_controller/install/pose_traj_controller/lib/python3.8/site-packages/pose_traj_controller/action'...
Compiling '/home/sid/autonomy_ws/src/ME326-Group-8-new/pose_traj_controller/install/pose_traj_controller/lib/python3.8/site-packages/pose_traj_controller/action/__init__.py'...
Compiling '/home/sid/autonomy_ws/src/ME326-Group-8-new/pose_traj_controller/install/pose_traj_controller/lib/python3.8/site-packages/pose_traj_controller/action/_move_to_pose.py'...
-- Installing: /home/sid/autonomy_ws/src/ME326-Group-8-new/pose_traj_controller/install/pose_traj_controller/lib/pose_traj_controller/pose_traj_controller
-- Installing: /home/sid/autonomy_ws/src/ME326-Group-8-new/pose_traj_controller/install/pose_traj_controller/share/ament_index/resource_index/package_run_dependencies/pose_traj_controller
-- Installing: /home/sid/autonomy_ws/src/ME326-Group-8-new/pose_traj_controller/install/pose_traj_controller/share/ament_index/resource_index/parent_prefix_path/pose_traj_controller
-- Installing: /home/sid/autonomy_ws/src/ME326-Group-8-new/pose_traj_controller/install/pose_traj_controller/share/pose_traj_controller/environment/ament_prefix_path.sh
-- Installing: /home/sid/autonomy_ws/src/ME326-Group-8-new/pose_traj_controller/install/pose_traj_controller/share/pose_traj_controller/environment/ament_prefix_path.dsv
-- Installing: /home/sid/autonomy_ws/src/ME326-Group-8-new/pose_traj_controller/install/pose_traj_controller/share/pose_traj_controller/environment/path.sh
-- Installing: /home/sid/autonomy_ws/src/ME326-Group-8-new/pose_traj_controller/install/pose_traj_controller/share/pose_traj_controller/environment/path.dsv
-- Installing: /home/sid/autonomy_ws/src/ME326-Group-8-new/pose_traj_controller/install/pose_traj_controller/share/pose_traj_controller/local_setup.bash
-- Installing: /home/sid/autonomy_ws/src/ME326-Group-8-new/pose_traj_controller/install/pose_traj_controller/share/pose_traj_controller/local_setup.sh
-- Installing: /home/sid/autonomy_ws/src/ME326-Group-8-new/pose_traj_controller/install/pose_traj_controller/share/pose_traj_controller/local_setup.zsh
-- Installing: /home/sid/autonomy_ws/src/ME326-Group-8-new/pose_traj_controller/install/pose_traj_controller/share/pose_traj_controller/local_setup.dsv
-- Installing: /home/sid/autonomy_ws/src/ME326-Group-8-new/pose_traj_controller/install/pose_traj_controller/share/pose_traj_controller/package.dsv
-- Installing: /home/sid/autonomy_ws/src/ME326-Group-8-new/pose_traj_controller/install/pose_traj_controller/share/ament_index/resource_index/packages/pose_traj_controller
-- Installing: /home/sid/autonomy_ws/src/ME326-Group-8-new/pose_traj_controller/install/pose_traj_controller/share/pose_traj_controller/cmake/pose_traj_controller__rosidl_generator_cExport.cmake
-- Installing: /home/sid/autonomy_ws/src/ME326-Group-8-new/pose_traj_controller/install/pose_traj_controller/share/pose_traj_controller/cmake/pose_traj_controller__rosidl_generator_cExport-noconfig.cmake
-- Installing: /home/sid/autonomy_ws/src/ME326-Group-8-new/pose_traj_controller/install/pose_traj_controller/share/pose_traj_controller/cmake/pose_traj_controller__rosidl_typesupport_introspection_cExport.cmake
-- Installing: /home/sid/autonomy_ws/src/ME326-Group-8-new/pose_traj_controller/install/pose_traj_controller/share/pose_traj_controller/cmake/pose_traj_controller__rosidl_typesupport_introspection_cExport-noconfig.cmake
-- Installing: /home/sid/autonomy_ws/src/ME326-Group-8-new/pose_traj_controller/install/pose_traj_controller/share/pose_traj_controller/cmake/pose_traj_controller__rosidl_typesupport_cExport.cmake
-- Installing: /home/sid/autonomy_ws/src/ME326-Group-8-new/pose_traj_controller/install/pose_traj_controller/share/pose_traj_controller/cmake/pose_traj_controller__rosidl_typesupport_cExport-noconfig.cmake
-- Installing: /home/sid/autonomy_ws/src/ME326-Group-8-new/pose_traj_controller/install/pose_traj_controller/share/pose_traj_controller/cmake/pose_traj_controller__rosidl_generator_cppExport.cmake
-- Installing: /home/sid/autonomy_ws/src/ME326-Group-8-new/pose_traj_controller/install/pose_traj_controller/share/pose_traj_controller/cmake/pose_traj_controller__rosidl_typesupport_introspection_cppExport.cmake
-- Installing: /home/sid/autonomy_ws/src/ME326-Group-8-new/pose_traj_controller/install/pose_traj_controller/share/pose_traj_controller/cmake/pose_traj_controller__rosidl_typesupport_introspection_cppExport-noconfig.cmake
-- Installing: /home/sid/autonomy_ws/src/ME326-Group-8-new/pose_traj_controller/install/pose_traj_controller/share/pose_traj_controller/cmake/pose_traj_controller__rosidl_typesupport_cppExport.cmake
-- Installing: /home/sid/autonomy_ws/src/ME326-Group-8-new/pose_traj_controller/install/pose_traj_controller/share/pose_traj_controller/cmake/pose_traj_controller__rosidl_typesupport_cppExport-noconfig.cmake
-- Installing: /home/sid/autonomy_ws/src/ME326-Group-8-new/pose_traj_controller/install/pose_traj_controller/share/pose_traj_controller/cmake/rosidl_cmake-extras.cmake
-- Installing: /home/sid/autonomy_ws/src/ME326-Group-8-new/pose_traj_controller/install/pose_traj_controller/share/pose_traj_controller/cmake/ament_cmake_export_dependencies-extras.cmake
-- Installing: /home/sid/autonomy_ws/src/ME326-Group-8-new/pose_traj_controller/install/pose_traj_controller/share/pose_traj_controller/cmake/ament_cmake_export_libraries-extras.cmake
-- Installing: /home/sid/autonomy_ws/src/ME326-Group-8-new/pose_traj_controller/install/pose_traj_controller/share/pose_traj_controller/cmake/ament_cmake_export_targets-extras.cmake
-- Installing: /home/sid/autonomy_ws/src/ME326-Group-8-new/pose_traj_controller/install/pose_traj_controller/share/pose_traj_controller/cmake/ament_cmake_export_include_directories-extras.cmake
-- Installing: /home/sid/autonomy_ws/src/ME326-Group-8-new/pose_traj_controller/install/pose_traj_controller/share/pose_traj_controller/cmake/rosidl_cmake_export_typesupport_libraries-extras.cmake
-- Installing: /home/sid/autonomy_ws/src/ME326-Group-8-new/pose_traj_controller/install/pose_traj_controller/share/pose_traj_controller/cmake/rosidl_cmake_export_typesupport_targets-extras.cmake
-- Installing: /home/sid/autonomy_ws/src/ME326-Group-8-new/pose_traj_controller/install/pose_traj_controller/share/pose_traj_controller/cmake/pose_traj_controllerConfig.cmake
-- Installing: /home/sid/autonomy_ws/src/ME326-Group-8-new/pose_traj_controller/install/pose_traj_controller/share/pose_traj_controller/cmake/pose_traj_controllerConfig-version.cmake
-- Installing: /home/sid/autonomy_ws/src/ME326-Group-8-new/pose_traj_controller/install/pose_traj_controller/share/pose_traj_controller/package.xml
